<?xml version="1.0" encoding="UTF-8"?>
<!-- Generated by org.testng.reporters.JUnitReportReporter -->
<testsuite hostname="DESKTOP-1CC4URN" name="RestassuredAutomation.RestassuredAutomation.TC001_GET_Request" tests="1" failures="0" timestamp="21 Jul 2019 17:53:59 GMT" time="3.027" errors="0">
  <testcase name="getweatherDetails" time="3.027" classname="RestassuredAutomation.RestassuredAutomation.TC001_GET_Request"/>
</testsuite> <!-- RestassuredAutomation.RestassuredAutomation.TC001_GET_Request -->
