<?xml version="1.0" encoding="UTF-8"?>
<!-- Generated by org.testng.reporters.JUnitReportReporter -->
<testsuite hostname="DESKTOP-1CC4URN" name="RestassuredAutomation.RestassuredAutomation.TC002_POST_Request" tests="1" failures="0" timestamp="21 Jul 2019 18:43:16 GMT" time="4.401" errors="0">
  <testcase name="RegistrationSuccessful" time="4.401" classname="RestassuredAutomation.RestassuredAutomation.TC002_POST_Request"/>
</testsuite> <!-- RestassuredAutomation.RestassuredAutomation.TC002_POST_Request -->
